C:\USERS\USER\DESKTOP\LAB8 APP - LOADING 3D MODELS [MD2 LOADER]\RELEASE\MAIN.OBJ
C:\USERS\USER\DESKTOP\LAB8 APP - LOADING 3D MODELS [MD2 LOADER]\RELEASE\TGA.OBJ
C:\USERS\USER\DESKTOP\LAB8 APP - LOADING 3D MODELS [MD2 LOADER]\RELEASE\TEXTURE.OBJ
C:\USERS\USER\DESKTOP\LAB8 APP - LOADING 3D MODELS [MD2 LOADER]\RELEASE\PCX.OBJ
C:\USERS\USER\DESKTOP\LAB8 APP - LOADING 3D MODELS [MD2 LOADER]\RELEASE\MD2.OBJ
C:\USERS\USER\DESKTOP\LAB8 APP - LOADING 3D MODELS [MD2 LOADER]\RELEASE\BMP.OBJ
C:\USERS\USER\DESKTOP\LAB8 APP - LOADING 3D MODELS [MD2 LOADER]\RELEASE\VC110.PDB
C:\Users\user\Desktop\Lab8 App - Loading 3D Models [MD2 Loader]\Release\bmp.obj
C:\Users\user\Desktop\Lab8 App - Loading 3D Models [MD2 Loader]\Release\main.obj
C:\Users\user\Desktop\Lab8 App - Loading 3D Models [MD2 Loader]\Release\md2.obj
C:\Users\user\Desktop\Lab8 App - Loading 3D Models [MD2 Loader]\Release\pcx.obj
C:\Users\user\Desktop\Lab8 App - Loading 3D Models [MD2 Loader]\Release\texture.obj
C:\Users\user\Desktop\Lab8 App - Loading 3D Models [MD2 Loader]\Release\tga.obj
C:\Users\user\Desktop\Lab8 App - Loading 3D Models [MD2 Loader]\Release\cl.command.1.tlog
C:\Users\user\Desktop\Lab8 App - Loading 3D Models [MD2 Loader]\Release\CL.read.1.tlog
C:\Users\user\Desktop\Lab8 App - Loading 3D Models [MD2 Loader]\Release\CL.write.1.tlog
C:\Users\user\Desktop\Lab8 App - Loading 3D Models [MD2 Loader]\Release\link.command.1.tlog
C:\Users\user\Desktop\Lab8 App - Loading 3D Models [MD2 Loader]\Release\link.read.1.tlog
C:\Users\user\Desktop\Lab8 App - Loading 3D Models [MD2 Loader]\Release\link.write.1.tlog
C:\Users\user\Desktop\Lab8 App - Loading 3D Models [MD2 Loader]\Release\vc110.pdb
