Build started 5/7/2013 11:40:58 PM.
     1>Project "C:\Users\user\Desktop\Lab8 App - Loading 3D Models [MD2 Loader]\MD2 Loader.vcxproj" on node 2 (Rebuild target(s)).
     1>ClCompile:
         C:\Program Files (x86)\Microsoft Visual Studio 11.0\VC\bin\CL.exe /c /Zi /nologo /W3 /WX- /O2 /Oy- /D WIN32 /D NDEBUG /D _CONSOLE /Gm- /EHsc /MD /GS /fp:precise /Zc:wchar_t /Zc:forScope /Fo"Release\\" /Fd"Release\vc110.pdb" /Gd /TP /analyze- /errorReport:prompt Classes\bmp.cpp Classes\md2.cpp Classes\pcx.cpp Classes\texture.cpp Classes\tga.cpp main.cpp
         bmp.cpp
     1>Classes\bmp.cpp(61): warning C4244: 'initializing' : conversion from 'std::streamoff' to 'long', possible loss of data
         md2.cpp
         pcx.cpp
     1>Classes\pcx.cpp(56): warning C4244: 'initializing' : conversion from 'std::streamoff' to 'long', possible loss of data
         texture.cpp
         tga.cpp
     1>Classes\tga.cpp(54): warning C4244: 'initializing' : conversion from 'std::streamoff' to 'long', possible loss of data
         main.cpp
     1>C:\Program Files (x86)\Microsoft Visual Studio 11.0\VC\include\gl/glaux.h(17): warning C4068: unknown pragma
     1>C:\Program Files (x86)\Microsoft Visual Studio 11.0\VC\include\gl/glaux.h(374): warning C4068: unknown pragma
     1>main.cpp(249): warning C4996: 'sprintf': This function or variable may be unsafe. Consider using sprintf_s instead. To disable deprecation, use _CRT_SECURE_NO_WARNINGS. See online help for details.
                 C:\Program Files (x86)\Microsoft Visual Studio 11.0\VC\include\stdio.h(357) : see declaration of 'sprintf'
         Generating Code...
       Link:
         C:\Program Files (x86)\Microsoft Visual Studio 11.0\VC\bin\link.exe /ERRORREPORT:PROMPT /OUT:"C:\Users\user\Desktop\Lab8 App - Loading 3D Models [MD2 Loader]\Release\MD2 Loader.exe" /INCREMENTAL /NOLOGO kernel32.lib user32.lib gdi32.lib winspool.lib comdlg32.lib advapi32.lib shell32.lib ole32.lib oleaut32.lib uuid.lib odbc32.lib odbccp32.lib /MANIFEST /MANIFESTUAC:"level='asInvoker' uiAccess='false'" /manifest:embed /DEBUG /PDB:"C:\Users\user\Desktop\Lab8 App - Loading 3D Models [MD2 Loader]\Release\MD2 Loader.pdb" /SUBSYSTEM:CONSOLE /OPT:REF /OPT:ICF /TLBID:1 /DYNAMICBASE /NXCOMPAT /IMPLIB:"C:\Users\user\Desktop\Lab8 App - Loading 3D Models [MD2 Loader]\Release\MD2 Loader.lib" /MACHINE:X86 /SAFESEH Release\bmp.obj
         Release\md2.obj
         Release\pcx.obj
         Release\texture.obj
         Release\tga.obj
         Release\main.obj
     1>LINK : warning LNK4075: ignoring '/INCREMENTAL' due to '/OPT:ICF' specification
     1>glaux.lib(image.obj) : error LNK2026: module unsafe for SAFESEH image.
     1>glaux.lib(tkimage.obj) : error LNK2026: module unsafe for SAFESEH image.
     1>glaux.lib(tkdib.obj) : error LNK2026: module unsafe for SAFESEH image.
     1>glaux.lib(tk.obj) : error LNK2026: module unsafe for SAFESEH image.
     1>C:\Users\user\Desktop\Lab8 App - Loading 3D Models [MD2 Loader]\Release\MD2 Loader.exe : fatal error LNK1281: Unable to generate SAFESEH image.
     1>Done Building Project "C:\Users\user\Desktop\Lab8 App - Loading 3D Models [MD2 Loader]\MD2 Loader.vcxproj" (Rebuild target(s)) -- FAILED.

Build FAILED.

Time Elapsed 00:00:04.50
